#
# There is insufficient memory for the Java Runtime Environment to continue.
# Native memory allocation (mmap) failed to map 127926272 bytes for G1 virtual space
# Possible reasons:
#   The system is out of physical RAM or swap space
#   The process is running with CompressedOops enabled, and the Java Heap may be blocking the growth of the native heap
# Possible solutions:
#   Reduce memory load on the system
#   Increase physical memory or swap space
#   Check if swap backing store is full
#   Decrease Java heap size (-Xmx/-Xms)
#   Decrease number of Java threads
#   Decrease Java thread stack sizes (-Xss)
#   Set larger code cache with -XX:ReservedCodeCacheSize=
#   JVM is running with Unscaled Compressed Oops mode in which the Java heap is
#     placed in the first 4GB address space. The Java Heap base address is the
#     maximum limit for the native heap growth. Please use -XX:HeapBaseMinAddress
#     to set the Java Heap base and to place the Java Heap above 4GB virtual address.
# This output file may be truncated or incomplete.
#
#  Out of Memory Error (os_windows.cpp:3528), pid=4752, tid=12732
#
# JRE version:  (20.0.2+9) (build )
# Java VM: Java HotSpot(TM) 64-Bit Server VM (20.0.2+9-78, mixed mode, sharing, tiered, compressed oops, compressed class ptrs, g1 gc, windows-amd64)
# No core dump will be written. Minidumps are not enabled by default on client versions of Windows
#

---------------  S U M M A R Y ------------

Command Line: --enable-preview -XX:+ShowCodeDetailsInExceptionMessages Day4.HashCode.Main

Host: Intel(R) Core(TM) i7-7700HQ CPU @ 2.80GHz, 8 cores, 7G,  Windows 10 , 64 bit Build 19041 (10.0.19041.3031)
Time: Fri Sep 29 15:54:20 2023 India Standard Time elapsed time: 0.039844 seconds (0d 0h 0m 0s)

---------------  T H R E A D  ---------------

Current thread (0x000001a77a827280):  JavaThread "Unknown thread" [_thread_in_vm, id=12732, stack(0x0000001a28d00000,0x0000001a28e00000)]

Stack: [0x0000001a28d00000,0x0000001a28e00000]
Native frames: (J=compiled Java code, j=interpreted, Vv=VM code, C=native code)
V  [jvm.dll+0x6bc25a]
V  [jvm.dll+0x84971a]
V  [jvm.dll+0x84b315]
V  [jvm.dll+0x84ba13]
V  [jvm.dll+0x280e4f]
V  [jvm.dll+0x6b8fe9]
V  [jvm.dll+0x6adbca]
V  [jvm.dll+0x35b165]
V  [jvm.dll+0x363386]
V  [jvm.dll+0x3b400e]
V  [jvm.dll+0x3b4295]
V  [jvm.dll+0x32b86a]
V  [jvm.dll+0x32c68b]
V  [jvm.dll+0x8123df]
V  [jvm.dll+0x3c1261]
V  [jvm.dll+0x7fe103]
V  [jvm.dll+0x44ccaf]
V  [jvm.dll+0x44e621]
C  [jli.dll+0x5287]
C  [ucrtbase.dll+0x21bb2]
C  [KERNEL32.DLL+0x17614]
C  [ntdll.dll+0x526f1]


---------------  P R O C E S S  ---------------

Threads class SMR info:
_java_thread_list=0x00007ff929aab118, length=0, elements={
}

Java Threads: ( => current thread )

Other Threads:
  0x000001a77a887f20 WorkerThread "GC Thread#0" [stack: 0x0000001a28e00000,0x0000001a28f00000] [id=2704]
  0x000001a77a8982d0 ConcurrentGCThread "G1 Main Marker" [stack: 0x0000001a28f00000,0x0000001a29000000] [id=2420]
  0x000001a77a8994a0 WorkerThread "G1 Conc#0" [stack: 0x0000001a29000000,0x0000001a29100000] [id=15720]

[error occurred during error reporting (printing all threads), id 0xc0000005, EXCEPTION_ACCESS_VIOLATION (0xc0000005) at pc=0x00007ff92928eea7]
VM state: not at safepoint (not fully initialized)

VM Mutex/Monitor currently owned by a thread:  ([mutex/lock_event])
[0x000001a77a824900] Heap_lock - owner thread: 0x000001a77a827280

Heap address: 0x0000000086800000, size: 1944 MB, Compressed Oops mode: 32-bit

CDS archive(s) mapped at: [0x0000000000000000-0x0000000000000000-0x0000000000000000), size 0, SharedBaseAddress: 0x0000000800000000, ArchiveRelocationMode: 1.
Narrow klass base: 0x0000000000000000, Narrow klass shift: 0, Narrow klass range: 0x0

GC Precious Log:
 CardTable entry size: 512
 Card Set container configuration: InlinePtr #cards 5 size 8 Array Of Cards #cards 12 size 40 Howl #buckets 4 coarsen threshold 1843 Howl Bitmap #cards 512 size 80 coarsen threshold 460 Card regions per heap region 1 cards per card region 2048

Heap:
 garbage-first heap   total 0K, used 0K [0x0000000086800000, 0x0000000100000000)
  region size 1024K, 0 young (0K), 0 survivors (0K)

[error occurred during error reporting (printing heap information), id 0xc0000005, EXCEPTION_ACCESS_VIOLATION (0xc0000005) at pc=0x00007ff9296647b9]
GC Heap History (0 events):
No events

Dll operation events (1 events):
Event: 0.018 Loaded shared library C:\Program Files\Java\jdk-20\bin\java.dll

Deoptimization events (0 events):
No events

Classes loaded (0 events):
No events

Classes unloaded (0 events):
No events

Classes redefined (0 events):
No events

Internal exceptions (0 events):
No events

VM Operations (0 events):
No events

Events (0 events):
No events


Dynamic libraries:
0x00007ff6ede50000 - 0x00007ff6ede60000 	C:\Program Files\Java\jdk-20\bin\java.exe
0x00007ff977050000 - 0x00007ff977248000 	C:\Windows\SYSTEM32\ntdll.dll
0x00007ff975d50000 - 0x00007ff975e0f000 	C:\Windows\System32\KERNEL32.DLL
0x00007ff974a70000 - 0x00007ff974d66000 	C:\Windows\System32\KERNELBASE.dll
0x00007ff974850000 - 0x00007ff974950000 	C:\Windows\System32\ucrtbase.dll
0x00007ff94f3e0000 - 0x00007ff94f3f9000 	C:\Program Files\Java\jdk-20\bin\jli.dll
0x00007ff94d8b0000 - 0x00007ff94d8cb000 	C:\Program Files\Java\jdk-20\bin\VCRUNTIME140.dll
0x00007ff976e30000 - 0x00007ff976edf000 	C:\Windows\System32\ADVAPI32.dll
0x00007ff9754e0000 - 0x00007ff97557e000 	C:\Windows\System32\msvcrt.dll
0x00007ff976d60000 - 0x00007ff976dfc000 	C:\Windows\System32\sechost.dll
0x00007ff976ee0000 - 0x00007ff977006000 	C:\Windows\System32\RPCRT4.dll
0x00007ff975600000 - 0x00007ff97579d000 	C:\Windows\System32\USER32.dll
0x00007ff974ff0000 - 0x00007ff975012000 	C:\Windows\System32\win32u.dll
0x00007ff976e00000 - 0x00007ff976e2c000 	C:\Windows\System32\GDI32.dll
0x00007ff962070000 - 0x00007ff96230a000 	C:\Windows\WinSxS\amd64_microsoft.windows.common-controls_6595b64144ccf1df_6.0.19041.1110_none_60b5254171f9507e\COMCTL32.dll
0x00007ff974950000 - 0x00007ff974a65000 	C:\Windows\System32\gdi32full.dll
0x00007ff974780000 - 0x00007ff97481d000 	C:\Windows\System32\msvcp_win.dll
0x00007ff96d390000 - 0x00007ff96d39a000 	C:\Windows\SYSTEM32\VERSION.dll
0x00007ff976300000 - 0x00007ff976330000 	C:\Windows\System32\IMM32.DLL
0x00007ff96fb20000 - 0x00007ff96fb2c000 	C:\Program Files\Java\jdk-20\bin\vcruntime140_1.dll
0x00007ff931b70000 - 0x00007ff931bfe000 	C:\Program Files\Java\jdk-20\bin\msvcp140.dll
0x00007ff928f50000 - 0x00007ff929be8000 	C:\Program Files\Java\jdk-20\bin\server\jvm.dll
0x00007ff961260000 - 0x00007ff961287000 	C:\Windows\SYSTEM32\WINMM.dll
0x00007ff950150000 - 0x00007ff950159000 	C:\Windows\SYSTEM32\WSOCK32.dll
0x00007ff9752c0000 - 0x00007ff97532b000 	C:\Windows\System32\WS2_32.dll
0x00007ff9731a0000 - 0x00007ff9731b2000 	C:\Windows\SYSTEM32\kernel.appcore.dll
0x00007ff960780000 - 0x00007ff96078a000 	C:\Program Files\Java\jdk-20\bin\jimage.dll
0x00007ff972c30000 - 0x00007ff972e14000 	C:\Windows\SYSTEM32\DBGHELP.DLL
0x00007ff95ea80000 - 0x00007ff95eab4000 	C:\Windows\SYSTEM32\dbgcore.DLL
0x00007ff975020000 - 0x00007ff9750a2000 	C:\Windows\System32\bcryptPrimitives.dll
0x00007ff943a40000 - 0x00007ff943a66000 	C:\Program Files\Java\jdk-20\bin\java.dll

dbghelp: loaded successfully - version: 4.0.5 - missing functions: none
symbol engine: initialized successfully - sym options: 0x614 - pdb path: .;C:\Program Files\Java\jdk-20\bin;C:\Windows\SYSTEM32;C:\Windows\WinSxS\amd64_microsoft.windows.common-controls_6595b64144ccf1df_6.0.19041.1110_none_60b5254171f9507e;C:\Program Files\Java\jdk-20\bin\server

VM Arguments:
jvm_args: --enable-preview -XX:+ShowCodeDetailsInExceptionMessages 
java_command: Day4.HashCode.Main
java_class_path (initial): C:\Users\India\AppData\Roaming\Code\User\workspaceStorage\87cfbced80e243cca398623b9c206a06\redhat.java\jdt_ws\JAVA CDAC_1a47a687\bin
Launcher Type: SUN_STANDARD

[Global flags]
     intx CICompilerCount                          = 4                                         {product} {ergonomic}
     uint ConcGCThreads                            = 2                                         {product} {ergonomic}
     uint G1ConcRefinementThreads                  = 8                                         {product} {ergonomic}
   size_t G1HeapRegionSize                         = 1048576                                   {product} {ergonomic}
    uintx GCDrainStackTargetSize                   = 64                                        {product} {ergonomic}
   size_t InitialHeapSize                          = 127926272                                 {product} {ergonomic}
   size_t MarkStackSize                            = 4194304                                   {product} {ergonomic}
   size_t MaxHeapSize                              = 2038431744                                {product} {ergonomic}
   size_t MinHeapDeltaBytes                        = 1048576                                   {product} {ergonomic}
   size_t MinHeapSize                              = 8388608                                   {product} {ergonomic}
    uintx NonNMethodCodeHeapSize                   = 5839372                                {pd product} {ergonomic}
    uintx NonProfiledCodeHeapSize                  = 122909434                              {pd product} {ergonomic}
    uintx ProfiledCodeHeapSize                     = 122909434                              {pd product} {ergonomic}
    uintx ReservedCodeCacheSize                    = 251658240                              {pd product} {ergonomic}
     bool SegmentedCodeCache                       = true                                      {product} {ergonomic}
     bool ShowCodeDetailsInExceptionMessages       = true                                   {manageable} {command line}
   size_t SoftMaxHeapSize                          = 2038431744                             {manageable} {ergonomic}
     bool UseCompressedClassPointers               = true                           {product lp64_product} {ergonomic}
     bool UseCompressedOops                        = true                           {product lp64_product} {ergonomic}
     bool UseG1GC                                  = true                                      {product} {ergonomic}
     bool UseLargePagesIndividualAllocation        = false                                  {pd product} {ergonomic}

Logging:
Log output configuration:
 #0: stdout all=warning uptime,level,tags foldmultilines=false
 #1: stderr all=off uptime,level,tags foldmultilines=false

Environment Variables:
PATH=C:\Program Files\Common Files\Oracle\Java\javapath;C:\Windows\system32;C:\Windows;C:\Windows\System32\Wbem;C:\Windows\System32\WindowsPowerShell\v1.0\;C:\Windows\System32\OpenSSH\;C:\Users\India\AppData\Local\Microsoft\WindowsApps;;C:\Users\India\AppData\Local\Programs\Microsoft VS Code\bin
USERNAME=India
LANG=en_US.UTF-8
OS=Windows_NT
PROCESSOR_IDENTIFIER=Intel64 Family 6 Model 158 Stepping 9, GenuineIntel
TMP=C:\Users\India\AppData\Local\Temp
TEMP=C:\Users\India\AppData\Local\Temp




---------------  S Y S T E M  ---------------

OS:
 Windows 10 , 64 bit Build 19041 (10.0.19041.3031)
OS uptime: 0 days 7:21 hours

CPU: total 8 (initial active 8) (4 cores per cpu, 2 threads per core) family 6 model 158 stepping 9 microcode 0xf0, cx8, cmov, fxsr, ht, mmx, 3dnowpref, sse, sse2, sse3, ssse3, sse4.1, sse4.2, popcnt, lzcnt, tsc, tscinvbit, avx, avx2, aes, erms, clmul, bmi1, bmi2, adx, fma, vzeroupper, clflush, clflushopt, rdtscp, f16c

Memory: 4k page, system-wide physical 7769M (625M free)
TotalPageFile size 22962M (AvailPageFile size 74M)
current process WorkingSet (physical memory assigned to process): 11M, peak: 11M
current process commit charge ("private bytes"): 60M, peak: 182M

vm_info: Java HotSpot(TM) 64-Bit Server VM (20.0.2+9-78) for windows-amd64 JRE (20.0.2+9-78), built on 2023-06-14T10:08:48Z by "mach5one" with MS VC++ 17.1 (VS2022)

END.
